<?xml version="1.0" encoding="UTF-8"?>
<!-- Generated by org.testng.reporters.JUnitXMLReporter -->
<testsuite ignored="6" hostname="DESKTOP-G0Q6T91" failures="0" tests="4" name="E2E Test" time="26.242" errors="0" timestamp="2024-07-14T17:30:51 WAT">
  <testcase classname="pagestests.RegisterPageTest" name="registerPageTest" time="5.912"/>
  <testcase classname="pagestests.LoginPageTest" name="loginTest" time="1.662"/>
  <testcase classname="pagestests.AddItemToCartTest" name="testCheckout" time="3.453"/>
  <testcase classname="pagestests.CheckoutProcessTest" name="checkoutTest" time="7.292"/>
  <testcase classname="setup.BaseTest" name="@AfterTest tearDown" time="0.0">
    <ignored/>
  </testcase> <!-- @AfterTest tearDown -->
  <testcase classname="setup.BaseTest" name="@AfterTest tearDown" time="0.0">
    <ignored/>
  </testcase> <!-- @AfterTest tearDown -->
  <testcase classname="setup.BaseTest" name="@BeforeTest setUp" time="0.0">
    <ignored/>
  </testcase> <!-- @BeforeTest setUp -->
  <testcase classname="setup.BaseTest" name="@BeforeTest setUp" time="0.0">
    <ignored/>
  </testcase> <!-- @BeforeTest setUp -->
  <testcase classname="setup.BaseTest" name="@BeforeTest setUp" time="0.0">
    <ignored/>
  </testcase> <!-- @BeforeTest setUp -->
  <testcase classname="setup.BaseTest" name="@AfterTest tearDown" time="0.0">
    <ignored/>
  </testcase> <!-- @AfterTest tearDown -->
</testsuite> <!-- E2E Test -->
